Using pre-set license
Built from '2020.3/release' branch; Version is '2020.3.15f2 (6cf78cb77498) revision 7141260'; Using compiler version '192528614'; Build Type 'Release'
OS: 'Windows 10 Enterprise; OS build 19043.1151; Version 2009; 64bit' Language: 'en' Physical Memory: 16217 MB
BatchMode: 1, IsHumanControllingUs: 0, StartBugReporterOnCrash: 0, Is64bit: 1, IsPro: 0

 COMMAND LINE ARGUMENTS:
C:\Program Files\Unity\Hub\Editor\2020.3.15f2\Editor\Unity.exe
-adb2
-batchMode
-noUpm
-name
AssetImportWorker0
-projectPath
C:/Users/niko.viitio/Desktop/ArtHeist
-logFile
Logs/AssetImportWorker0.log
-srvPort
49851
Successfully changed project path to: C:/Users/niko.viitio/Desktop/ArtHeist
C:/Users/niko.viitio/Desktop/ArtHeist
Using Asset Import Pipeline V2.
Refreshing native plugins compatible for Editor in 21.84 ms, found 2 plugins.
Preloading 0 native plugins for Editor in 0.00 ms.
Initialize engine version: 2020.3.15f2 (6cf78cb77498)
[Subsystems] Discovering subsystems at path C:/Program Files/Unity/Hub/Editor/2020.3.15f2/Editor/Data/Resources/UnitySubsystems
[Subsystems] Discovering subsystems at path C:/Users/niko.viitio/Desktop/ArtHeist/Assets
GfxDevice: creating device client; threaded=0
Direct3D:
    Version:  Direct3D 11.0 [level 11.1]
    Renderer: NVIDIA GeForce RTX 2080 (ID=0x1e82)
    Vendor:   
    VRAM:     8010 MB
    Driver:   27.21.14.6684
Initialize mono
Mono path[0] = 'C:/Program Files/Unity/Hub/Editor/2020.3.15f2/Editor/Data/Managed'
Mono path[1] = 'C:/Program Files/Unity/Hub/Editor/2020.3.15f2/Editor/Data/MonoBleedingEdge/lib/mono/unityjit'
Mono config path = 'C:/Program Files/Unity/Hub/Editor/2020.3.15f2/Editor/Data/MonoBleedingEdge/etc'
Using monoOptions --debugger-agent=transport=dt_socket,embedding=1,server=y,suspend=n,address=127.0.0.1:56540
Begin MonoManager ReloadAssembly
Registering precompiled unity dll's ...
Register platform support module: C:/Program Files/Unity/Hub/Editor/2020.3.15f2/Editor/Data/PlaybackEngines/WebGLSupport/UnityEditor.WebGL.Extensions.dll
Register platform support module: C:/Program Files/Unity/Hub/Editor/2020.3.15f2/Editor/Data/PlaybackEngines/WindowsStandaloneSupport/UnityEditor.WindowsStandalone.Extensions.dll
Registered in 0.001715 seconds.
Native extension for WindowsStandalone target not found
Native extension for WebGL target not found
Refreshing native plugins compatible for Editor in 21.27 ms, found 2 plugins.
Preloading 0 native plugins for Editor in 0.00 ms.
Mono: successfully reloaded assembly
- Completed reload, in  1.450 seconds
Domain Reload Profiling:
	ReloadAssembly (1450ms)
		BeginReloadAssembly (44ms)
			ExecutionOrderSort (0ms)
			DisableScriptedObjects (0ms)
			BackupInstance (0ms)
			ReleaseScriptingObjects (0ms)
			CreateAndSetChildDomain (1ms)
		EndReloadAssembly (309ms)
			LoadAssemblies (43ms)
			RebuildTransferFunctionScriptingTraits (0ms)
			SetupTypeCache (115ms)
			ReleaseScriptCaches (0ms)
			RebuildScriptCaches (25ms)
			SetupLoadedEditorAssemblies (116ms)
				LogAssemblyErrors (0ms)
				InitializePlatformSupportModulesInManaged (3ms)
				SetLoadedEditorAssemblies (0ms)
				RefreshPlugins (21ms)
				BeforeProcessingInitializeOnLoad (10ms)
				ProcessInitializeOnLoadAttributes (61ms)
				ProcessInitializeOnLoadMethodAttributes (20ms)
				AfterProcessingInitializeOnLoad (0ms)
				EditorAssembliesLoaded (0ms)
			ExecutionOrderSort2 (0ms)
			AwakeInstancesAfterBackupRestoration (0ms)
Platform modules already initialized, skipping
Registering precompiled user dll's ...
Registered in 0.002594 seconds.
Begin MonoManager ReloadAssembly
Native extension for WindowsStandalone target not found
Native extension for WebGL target not found
Refreshing native plugins compatible for Editor in 0.30 ms, found 2 plugins.
Preloading 0 native plugins for Editor in 0.00 ms.
Mono: successfully reloaded assembly
- Completed reload, in  0.823 seconds
Domain Reload Profiling:
	ReloadAssembly (824ms)
		BeginReloadAssembly (112ms)
			ExecutionOrderSort (0ms)
			DisableScriptedObjects (4ms)
			BackupInstance (0ms)
			ReleaseScriptingObjects (0ms)
			CreateAndSetChildDomain (14ms)
		EndReloadAssembly (666ms)
			LoadAssemblies (65ms)
			RebuildTransferFunctionScriptingTraits (0ms)
			SetupTypeCache (198ms)
			ReleaseScriptCaches (0ms)
			RebuildScriptCaches (32ms)
			SetupLoadedEditorAssemblies (303ms)
				LogAssemblyErrors (0ms)
				InitializePlatformSupportModulesInManaged (7ms)
				SetLoadedEditorAssemblies (0ms)
				RefreshPlugins (0ms)
				BeforeProcessingInitializeOnLoad (68ms)
				ProcessInitializeOnLoadAttributes (220ms)
				ProcessInitializeOnLoadMethodAttributes (3ms)
				AfterProcessingInitializeOnLoad (4ms)
				EditorAssembliesLoaded (0ms)
			ExecutionOrderSort2 (0ms)
			AwakeInstancesAfterBackupRestoration (5ms)
Platform modules already initialized, skipping
========================================================================
Worker process is ready to serve import requests
Launched and connected shader compiler UnityShaderCompiler.exe after 0.04 seconds
Refreshing native plugins compatible for Editor in 0.27 ms, found 2 plugins.
Preloading 0 native plugins for Editor in 0.00 ms.
Unloading 1416 Unused Serialized files (Serialized files now loaded: 0)
System memory in use before: 67.3 MB.
System memory in use after: 67.4 MB.

Unloading 18 unused Assets to reduce memory usage. Loaded Objects now: 1851.
Total: 2.108500 ms (FindLiveObjects: 0.137200 ms CreateObjectMapping: 0.034100 ms MarkObjects: 1.846200 ms  DeleteObjects: 0.090300 ms)

AssetImportParameters requested are different than current active one (requested -> active):
  custom:framework-win-MediaFoundation: 216162199b28c13a410421893ffa2e32 -> 
  custom:video-decoder-ogg-theora: a1e56fd34408186e4bbccfd4996cb3dc -> 
  custom:container-muxer-webm: aa71ff27fc2769a1b78a27578f13a17b -> 
  custom:container-demuxer-webm: 4f35f7cbe854078d1ac9338744f61a02 -> 
  custom:container-demuxer-ogg: 62fdf1f143b41e24485cea50d1cbac27 -> 
  custom:video-encoder-webm-vp8: eb34c28f22e8b96e1ab97ce403110664 -> 
  custom:video-decoder-webm-vp8: 9c59270c3fd7afecdb556c50c9e8de78 -> 
  custom:audio-decoder-ogg-vorbis: bf7c407c2cedff20999df2af8eb42d56 -> 
  custom:audio-encoder-webm-vorbis: bf7c407c2cedff20999df2af8eb42d56 -> 
========================================================================
Received Import Request.
  path: Assets/Prefabs/UI.prefab
  artifactKey: Guid(c2e04de3bbb7db94aa22b85125dcd19e) Importer(815301076,1909f56bfc062723c751e8b465ee728b)
Start importing Assets/Prefabs/UI.prefab using Guid(c2e04de3bbb7db94aa22b85125dcd19e) Importer(815301076,1909f56bfc062723c751e8b465ee728b)  -> (artifact id: '4645470b5e27367cf359171d465830a0') in 0.074993 seconds 
  Import took 0.076863 seconds .

========================================================================
Received Import Request.
  Time since last request: 1.065181 seconds.
  path: Assets/Prefabs/UI.prefab
  artifactKey: Guid(c2e04de3bbb7db94aa22b85125dcd19e) Importer(815301076,1909f56bfc062723c751e8b465ee728b)
Start importing Assets/Prefabs/UI.prefab using Guid(c2e04de3bbb7db94aa22b85125dcd19e) Importer(815301076,1909f56bfc062723c751e8b465ee728b)  -> (artifact id: 'b82b1216af937f359aecb05f8b403908') in 0.024731 seconds 
  Import took 0.027058 seconds .

========================================================================
Received Import Request.
  Time since last request: 5.235113 seconds.
  path: Assets/Prefabs/UI.prefab
  artifactKey: Guid(c2e04de3bbb7db94aa22b85125dcd19e) Importer(815301076,1909f56bfc062723c751e8b465ee728b)
Start importing Assets/Prefabs/UI.prefab using Guid(c2e04de3bbb7db94aa22b85125dcd19e) Importer(815301076,1909f56bfc062723c751e8b465ee728b)  -> (artifact id: '8752b278c869dcdc0890740c62feee50') in 0.024900 seconds 
  Import took 0.027078 seconds .

========================================================================
Received Import Request.
  Time since last request: 5.014458 seconds.
  path: Assets/Prefabs/UI.prefab
  artifactKey: Guid(c2e04de3bbb7db94aa22b85125dcd19e) Importer(815301076,1909f56bfc062723c751e8b465ee728b)
Start importing Assets/Prefabs/UI.prefab using Guid(c2e04de3bbb7db94aa22b85125dcd19e) Importer(815301076,1909f56bfc062723c751e8b465ee728b)  -> (artifact id: '8fc9b0cbd8eec5282065d7d1e328e069') in 0.021429 seconds 
  Import took 0.023510 seconds .

========================================================================
Received Import Request.
  Time since last request: 28.612535 seconds.
  path: Assets/Prefabs/UI.prefab
  artifactKey: Guid(c2e04de3bbb7db94aa22b85125dcd19e) Importer(815301076,1909f56bfc062723c751e8b465ee728b)
Start importing Assets/Prefabs/UI.prefab using Guid(c2e04de3bbb7db94aa22b85125dcd19e) Importer(815301076,1909f56bfc062723c751e8b465ee728b)  -> (artifact id: 'a4be8ea4f880af82c24a04d816b63ec6') in 0.021144 seconds 
  Import took 0.023829 seconds .

========================================================================
Received Import Request.
  Time since last request: 9.787905 seconds.
  path: Assets/Prefabs/UI.prefab
  artifactKey: Guid(c2e04de3bbb7db94aa22b85125dcd19e) Importer(815301076,1909f56bfc062723c751e8b465ee728b)
Start importing Assets/Prefabs/UI.prefab using Guid(c2e04de3bbb7db94aa22b85125dcd19e) Importer(815301076,1909f56bfc062723c751e8b465ee728b)  -> (artifact id: '3759bbfa95dc6a084e5ac97af0902c07') in 0.021136 seconds 
  Import took 0.023077 seconds .

========================================================================
Received Import Request.
  Time since last request: 13.485940 seconds.
  path: Assets/Prefabs/UI.prefab
  artifactKey: Guid(c2e04de3bbb7db94aa22b85125dcd19e) Importer(815301076,1909f56bfc062723c751e8b465ee728b)
Start importing Assets/Prefabs/UI.prefab using Guid(c2e04de3bbb7db94aa22b85125dcd19e) Importer(815301076,1909f56bfc062723c751e8b465ee728b)  -> (artifact id: 'ee7d614ccd6a345990739eac84068cad') in 0.020921 seconds 
  Import took 0.022866 seconds .

========================================================================
Received Import Request.
  Time since last request: 0.998960 seconds.
  path: Assets/Prefabs/UI.prefab
  artifactKey: Guid(c2e04de3bbb7db94aa22b85125dcd19e) Importer(815301076,1909f56bfc062723c751e8b465ee728b)
Start importing Assets/Prefabs/UI.prefab using Guid(c2e04de3bbb7db94aa22b85125dcd19e) Importer(815301076,1909f56bfc062723c751e8b465ee728b)  -> (artifact id: '097501940a47ad69cc6a463688f37e05') in 0.020667 seconds 
  Import took 0.022896 seconds .

========================================================================
Received Import Request.
  Time since last request: 11.670836 seconds.
  path: Assets/Prefabs/UI.prefab
  artifactKey: Guid(c2e04de3bbb7db94aa22b85125dcd19e) Importer(815301076,1909f56bfc062723c751e8b465ee728b)
Start importing Assets/Prefabs/UI.prefab using Guid(c2e04de3bbb7db94aa22b85125dcd19e) Importer(815301076,1909f56bfc062723c751e8b465ee728b)  -> (artifact id: 'b16ff27f47f4222f61b6853cd2862cd4') in 0.023109 seconds 
  Import took 0.025150 seconds .

========================================================================
Received Import Request.
  Time since last request: 13.692293 seconds.
  path: Assets/Prefabs/UI.prefab
  artifactKey: Guid(c2e04de3bbb7db94aa22b85125dcd19e) Importer(815301076,1909f56bfc062723c751e8b465ee728b)
Start importing Assets/Prefabs/UI.prefab using Guid(c2e04de3bbb7db94aa22b85125dcd19e) Importer(815301076,1909f56bfc062723c751e8b465ee728b)  -> (artifact id: '6fd6720e1bcefec62032b6924bc719de') in 0.022945 seconds 
  Import took 0.024904 seconds .

========================================================================
Received Import Request.
  Time since last request: 9.250796 seconds.
  path: Assets/Prefabs/UI.prefab
  artifactKey: Guid(c2e04de3bbb7db94aa22b85125dcd19e) Importer(815301076,1909f56bfc062723c751e8b465ee728b)
Start importing Assets/Prefabs/UI.prefab using Guid(c2e04de3bbb7db94aa22b85125dcd19e) Importer(815301076,1909f56bfc062723c751e8b465ee728b)  -> (artifact id: 'fbd443f191a13aeee458f1ad331951c6') in 0.021673 seconds 
  Import took 0.024016 seconds .

========================================================================
Received Import Request.
  Time since last request: 3.229421 seconds.
  path: Assets/Prefabs/UI.prefab
  artifactKey: Guid(c2e04de3bbb7db94aa22b85125dcd19e) Importer(815301076,1909f56bfc062723c751e8b465ee728b)
Start importing Assets/Prefabs/UI.prefab using Guid(c2e04de3bbb7db94aa22b85125dcd19e) Importer(815301076,1909f56bfc062723c751e8b465ee728b)  -> (artifact id: '85bb1a57a1073d5a0bdc7331566530ad') in 0.019827 seconds 
  Import took 0.021841 seconds .

========================================================================
Received Import Request.
  Time since last request: 1.393334 seconds.
  path: Assets/Prefabs/UI.prefab
  artifactKey: Guid(c2e04de3bbb7db94aa22b85125dcd19e) Importer(815301076,1909f56bfc062723c751e8b465ee728b)
Start importing Assets/Prefabs/UI.prefab using Guid(c2e04de3bbb7db94aa22b85125dcd19e) Importer(815301076,1909f56bfc062723c751e8b465ee728b)  -> (artifact id: '202702a78462d3f7096f52c81f777a62') in 0.019040 seconds 
  Import took 0.020980 seconds .

========================================================================
Received Import Request.
  Time since last request: 1.186914 seconds.
  path: Assets/Prefabs/UI.prefab
  artifactKey: Guid(c2e04de3bbb7db94aa22b85125dcd19e) Importer(815301076,1909f56bfc062723c751e8b465ee728b)
Start importing Assets/Prefabs/UI.prefab using Guid(c2e04de3bbb7db94aa22b85125dcd19e) Importer(815301076,1909f56bfc062723c751e8b465ee728b)  -> (artifact id: 'a0710234c1d056bcc70ebde601a0aa33') in 0.020020 seconds 
  Import took 0.022002 seconds .

========================================================================
Received Import Request.
  Time since last request: 3.633083 seconds.
  path: Assets/Prefabs/UI.prefab
  artifactKey: Guid(c2e04de3bbb7db94aa22b85125dcd19e) Importer(815301076,1909f56bfc062723c751e8b465ee728b)
Start importing Assets/Prefabs/UI.prefab using Guid(c2e04de3bbb7db94aa22b85125dcd19e) Importer(815301076,1909f56bfc062723c751e8b465ee728b)  -> (artifact id: 'e47021df63a33d3ee111ea2dce6bdada') in 0.021458 seconds 
  Import took 0.024086 seconds .

========================================================================
Received Import Request.
  Time since last request: 1.381353 seconds.
  path: Assets/Prefabs/UI.prefab
  artifactKey: Guid(c2e04de3bbb7db94aa22b85125dcd19e) Importer(815301076,1909f56bfc062723c751e8b465ee728b)
Start importing Assets/Prefabs/UI.prefab using Guid(c2e04de3bbb7db94aa22b85125dcd19e) Importer(815301076,1909f56bfc062723c751e8b465ee728b)  -> (artifact id: '50479435ca96f337ad7486e61c23c509') in 0.020626 seconds 
  Import took 0.022892 seconds .

========================================================================
Received Import Request.
  Time since last request: 4.012881 seconds.
  path: Assets/Prefabs/UI.prefab
  artifactKey: Guid(c2e04de3bbb7db94aa22b85125dcd19e) Importer(815301076,1909f56bfc062723c751e8b465ee728b)
Start importing Assets/Prefabs/UI.prefab using Guid(c2e04de3bbb7db94aa22b85125dcd19e) Importer(815301076,1909f56bfc062723c751e8b465ee728b)  -> (artifact id: 'cb26ed15866ad3853496b31932179ea9') in 0.020037 seconds 
  Import took 0.021976 seconds .

========================================================================
Received Import Request.
  Time since last request: 3.593001 seconds.
  path: Assets/Prefabs/UI.prefab
  artifactKey: Guid(c2e04de3bbb7db94aa22b85125dcd19e) Importer(815301076,1909f56bfc062723c751e8b465ee728b)
Start importing Assets/Prefabs/UI.prefab using Guid(c2e04de3bbb7db94aa22b85125dcd19e) Importer(815301076,1909f56bfc062723c751e8b465ee728b)  -> (artifact id: '1aef56f5e0e833940e94f11298b9ab27') in 0.021686 seconds 
  Import took 0.023874 seconds .

========================================================================
Received Import Request.
  Time since last request: 4.622129 seconds.
  path: Assets/Prefabs/UI.prefab
  artifactKey: Guid(c2e04de3bbb7db94aa22b85125dcd19e) Importer(815301076,1909f56bfc062723c751e8b465ee728b)
Start importing Assets/Prefabs/UI.prefab using Guid(c2e04de3bbb7db94aa22b85125dcd19e) Importer(815301076,1909f56bfc062723c751e8b465ee728b)  -> (artifact id: 'be7e412db815d2d8027beb01b4873fa1') in 0.019805 seconds 
  Import took 0.021901 seconds .

========================================================================
Received Import Request.
  Time since last request: 2.596185 seconds.
  path: Assets/Prefabs/UI.prefab
  artifactKey: Guid(c2e04de3bbb7db94aa22b85125dcd19e) Importer(815301076,1909f56bfc062723c751e8b465ee728b)
Start importing Assets/Prefabs/UI.prefab using Guid(c2e04de3bbb7db94aa22b85125dcd19e) Importer(815301076,1909f56bfc062723c751e8b465ee728b)  -> (artifact id: 'e07df6579e0af62bd2f76c38631d1944') in 0.019970 seconds 
  Import took 0.022027 seconds .

========================================================================
Received Import Request.
  Time since last request: 0.784983 seconds.
  path: Assets/Prefabs/UI.prefab
  artifactKey: Guid(c2e04de3bbb7db94aa22b85125dcd19e) Importer(815301076,1909f56bfc062723c751e8b465ee728b)
Start importing Assets/Prefabs/UI.prefab using Guid(c2e04de3bbb7db94aa22b85125dcd19e) Importer(815301076,1909f56bfc062723c751e8b465ee728b)  -> (artifact id: '51aa5984034458e87ec0178e9a45d9be') in 0.021066 seconds 
  Import took 0.023019 seconds .

========================================================================
Received Import Request.
  Time since last request: 2.195836 seconds.
  path: Assets/Prefabs/UI.prefab
  artifactKey: Guid(c2e04de3bbb7db94aa22b85125dcd19e) Importer(815301076,1909f56bfc062723c751e8b465ee728b)
Start importing Assets/Prefabs/UI.prefab using Guid(c2e04de3bbb7db94aa22b85125dcd19e) Importer(815301076,1909f56bfc062723c751e8b465ee728b)  -> (artifact id: '507713168186ec94fee0c65618788fe8') in 0.025733 seconds 
  Import took 0.028246 seconds .

========================================================================
Received Import Request.
  Time since last request: 0.973034 seconds.
  path: Assets/Prefabs/UI.prefab
  artifactKey: Guid(c2e04de3bbb7db94aa22b85125dcd19e) Importer(815301076,1909f56bfc062723c751e8b465ee728b)
Start importing Assets/Prefabs/UI.prefab using Guid(c2e04de3bbb7db94aa22b85125dcd19e) Importer(815301076,1909f56bfc062723c751e8b465ee728b)  -> (artifact id: 'a8ee88b12727204fe229111c6d8997fd') in 0.021526 seconds 
  Import took 0.023694 seconds .

========================================================================
Received Prepare
Registering precompiled user dll's ...
Registered in 0.002693 seconds.
Begin MonoManager ReloadAssembly
Native extension for WindowsStandalone target not found
Native extension for WebGL target not found
Refreshing native plugins compatible for Editor in 0.29 ms, found 2 plugins.
Preloading 0 native plugins for Editor in 0.00 ms.
Mono: successfully reloaded assembly
- Completed reload, in  0.791 seconds
Domain Reload Profiling:
	ReloadAssembly (792ms)
		BeginReloadAssembly (90ms)
			ExecutionOrderSort (0ms)
			DisableScriptedObjects (4ms)
			BackupInstance (0ms)
			ReleaseScriptingObjects (0ms)
			CreateAndSetChildDomain (25ms)
		EndReloadAssembly (654ms)
			LoadAssemblies (66ms)
			RebuildTransferFunctionScriptingTraits (0ms)
			SetupTypeCache (213ms)
			ReleaseScriptCaches (1ms)
			RebuildScriptCaches (29ms)
			SetupLoadedEditorAssemblies (275ms)
				LogAssemblyErrors (0ms)
				InitializePlatformSupportModulesInManaged (5ms)
				SetLoadedEditorAssemblies (0ms)
				RefreshPlugins (0ms)
				BeforeProcessingInitializeOnLoad (61ms)
				ProcessInitializeOnLoadAttributes (201ms)
				ProcessInitializeOnLoadMethodAttributes (3ms)
				AfterProcessingInitializeOnLoad (5ms)
				EditorAssembliesLoaded (0ms)
			ExecutionOrderSort2 (0ms)
			AwakeInstancesAfterBackupRestoration (5ms)
Platform modules already initialized, skipping
Refreshing native plugins compatible for Editor in 0.25 ms, found 2 plugins.
Preloading 0 native plugins for Editor in 0.00 ms.
Unloading 1397 Unused Serialized files (Serialized files now loaded: 0)
System memory in use before: 65.9 MB.
System memory in use after: 66.0 MB.

Unloading 13 unused Assets to reduce memory usage. Loaded Objects now: 1854.
Total: 1.733100 ms (FindLiveObjects: 0.127500 ms CreateObjectMapping: 0.039800 ms MarkObjects: 1.554700 ms  DeleteObjects: 0.010300 ms)

AssetImportParameters requested are different than current active one (requested -> active):
  custom:framework-win-MediaFoundation: 216162199b28c13a410421893ffa2e32 -> 
  custom:video-decoder-ogg-theora: a1e56fd34408186e4bbccfd4996cb3dc -> 
  custom:container-muxer-webm: aa71ff27fc2769a1b78a27578f13a17b -> 
  custom:container-demuxer-webm: 4f35f7cbe854078d1ac9338744f61a02 -> 
  custom:container-demuxer-ogg: 62fdf1f143b41e24485cea50d1cbac27 -> 
  custom:video-encoder-webm-vp8: eb34c28f22e8b96e1ab97ce403110664 -> 
  custom:video-decoder-webm-vp8: 9c59270c3fd7afecdb556c50c9e8de78 -> 
  custom:audio-decoder-ogg-vorbis: bf7c407c2cedff20999df2af8eb42d56 -> 
  custom:audio-encoder-webm-vorbis: bf7c407c2cedff20999df2af8eb42d56 -> 
========================================================================
Received Import Request.
  Time since last request: 231.005653 seconds.
  path: Assets/Prefabs/UI.prefab
  artifactKey: Guid(c2e04de3bbb7db94aa22b85125dcd19e) Importer(815301076,1909f56bfc062723c751e8b465ee728b)
Start importing Assets/Prefabs/UI.prefab using Guid(c2e04de3bbb7db94aa22b85125dcd19e) Importer(815301076,1909f56bfc062723c751e8b465ee728b)  -> (artifact id: 'e722c5dd2fe9c8e4e9044a7a09d65004') in 0.059629 seconds 
  Import took 0.061482 seconds .

========================================================================
Received Import Request.
  Time since last request: 8.140399 seconds.
  path: Assets/Scripts/DestroyObject_AddScore.cs
  artifactKey: Guid(f21ea4fbd6385c540b9098003468588f) Importer(815301076,1909f56bfc062723c751e8b465ee728b)
Start importing Assets/Scripts/DestroyObject_AddScore.cs using Guid(f21ea4fbd6385c540b9098003468588f) Importer(815301076,1909f56bfc062723c751e8b465ee728b)  -> (artifact id: '6547b503dd2af0480b71dee50f30ea2e') in 0.007258 seconds 
  Import took 0.009531 seconds .

========================================================================
Received Prepare
Registering precompiled user dll's ...
Registered in 0.002534 seconds.
Begin MonoManager ReloadAssembly
Native extension for WindowsStandalone target not found
Native extension for WebGL target not found
Refreshing native plugins compatible for Editor in 0.27 ms, found 2 plugins.
Preloading 0 native plugins for Editor in 0.00 ms.
Mono: successfully reloaded assembly
- Completed reload, in  0.795 seconds
Domain Reload Profiling:
	ReloadAssembly (795ms)
		BeginReloadAssembly (96ms)
			ExecutionOrderSort (0ms)
			DisableScriptedObjects (3ms)
			BackupInstance (0ms)
			ReleaseScriptingObjects (0ms)
			CreateAndSetChildDomain (25ms)
		EndReloadAssembly (651ms)
			LoadAssemblies (69ms)
			RebuildTransferFunctionScriptingTraits (0ms)
			SetupTypeCache (207ms)
			ReleaseScriptCaches (1ms)
			RebuildScriptCaches (28ms)
			SetupLoadedEditorAssemblies (276ms)
				LogAssemblyErrors (0ms)
				InitializePlatformSupportModulesInManaged (4ms)
				SetLoadedEditorAssemblies (0ms)
				RefreshPlugins (0ms)
				BeforeProcessingInitializeOnLoad (60ms)
				ProcessInitializeOnLoadAttributes (204ms)
				ProcessInitializeOnLoadMethodAttributes (3ms)
				AfterProcessingInitializeOnLoad (5ms)
				EditorAssembliesLoaded (0ms)
			ExecutionOrderSort2 (0ms)
			AwakeInstancesAfterBackupRestoration (5ms)
Platform modules already initialized, skipping
Refreshing native plugins compatible for Editor in 0.27 ms, found 2 plugins.
Preloading 0 native plugins for Editor in 0.00 ms.
Unloading 1397 Unused Serialized files (Serialized files now loaded: 0)
System memory in use before: 65.9 MB.
System memory in use after: 66.0 MB.

Unloading 13 unused Assets to reduce memory usage. Loaded Objects now: 1857.
Total: 1.686800 ms (FindLiveObjects: 0.101300 ms CreateObjectMapping: 0.032000 ms MarkObjects: 1.542500 ms  DeleteObjects: 0.010300 ms)

AssetImportParameters requested are different than current active one (requested -> active):
  custom:framework-win-MediaFoundation: 216162199b28c13a410421893ffa2e32 -> 
  custom:video-decoder-ogg-theora: a1e56fd34408186e4bbccfd4996cb3dc -> 
  custom:container-muxer-webm: aa71ff27fc2769a1b78a27578f13a17b -> 
  custom:container-demuxer-webm: 4f35f7cbe854078d1ac9338744f61a02 -> 
  custom:container-demuxer-ogg: 62fdf1f143b41e24485cea50d1cbac27 -> 
  custom:video-encoder-webm-vp8: eb34c28f22e8b96e1ab97ce403110664 -> 
  custom:video-decoder-webm-vp8: 9c59270c3fd7afecdb556c50c9e8de78 -> 
  custom:audio-decoder-ogg-vorbis: bf7c407c2cedff20999df2af8eb42d56 -> 
  custom:audio-encoder-webm-vorbis: bf7c407c2cedff20999df2af8eb42d56 -> 
========================================================================
Received Import Request.
  Time since last request: 51.475942 seconds.
  path: Assets/Prefabs/UI.prefab
  artifactKey: Guid(c2e04de3bbb7db94aa22b85125dcd19e) Importer(815301076,1909f56bfc062723c751e8b465ee728b)
Start importing Assets/Prefabs/UI.prefab using Guid(c2e04de3bbb7db94aa22b85125dcd19e) Importer(815301076,1909f56bfc062723c751e8b465ee728b)  -> (artifact id: '78e0b1ded161232f46397c7d73b07420') in 0.060144 seconds 
  Import took 0.062023 seconds .

========================================================================
Received Import Request.
  Time since last request: 3.445722 seconds.
  path: Assets/Prefabs/UI.prefab
  artifactKey: Guid(c2e04de3bbb7db94aa22b85125dcd19e) Importer(815301076,1909f56bfc062723c751e8b465ee728b)
Start importing Assets/Prefabs/UI.prefab using Guid(c2e04de3bbb7db94aa22b85125dcd19e) Importer(815301076,1909f56bfc062723c751e8b465ee728b)  -> (artifact id: 'ead3609853f262593c7a9f3631d9f1a3') in 0.023244 seconds 
  Import took 0.026067 seconds .

========================================================================
Received Import Request.
  Time since last request: 12.431540 seconds.
  path: Assets/Prefabs/Hiace.prefab
  artifactKey: Guid(75c2e0793086da948a6278d3849c34df) Importer(815301076,1909f56bfc062723c751e8b465ee728b)
Start importing Assets/Prefabs/Hiace.prefab using Guid(75c2e0793086da948a6278d3849c34df) Importer(815301076,1909f56bfc062723c751e8b465ee728b)  -> (artifact id: '255b184b78cea49e8f9f598a19156a32') in 0.050551 seconds 
  Import took 0.052632 seconds .

========================================================================
Received Prepare
Registering precompiled user dll's ...
Registered in 0.002598 seconds.
Begin MonoManager ReloadAssembly
Native extension for WindowsStandalone target not found
Native extension for WebGL target not found
Refreshing native plugins compatible for Editor in 0.26 ms, found 2 plugins.
Preloading 0 native plugins for Editor in 0.00 ms.
Mono: successfully reloaded assembly
- Completed reload, in  0.779 seconds
Domain Reload Profiling:
	ReloadAssembly (779ms)
		BeginReloadAssembly (100ms)
			ExecutionOrderSort (0ms)
			DisableScriptedObjects (3ms)
			BackupInstance (0ms)
			ReleaseScriptingObjects (0ms)
			CreateAndSetChildDomain (25ms)
		EndReloadAssembly (629ms)
			LoadAssemblies (68ms)
			RebuildTransferFunctionScriptingTraits (0ms)
			SetupTypeCache (195ms)
			ReleaseScriptCaches (1ms)
			RebuildScriptCaches (28ms)
			SetupLoadedEditorAssemblies (269ms)
				LogAssemblyErrors (0ms)
				InitializePlatformSupportModulesInManaged (5ms)
				SetLoadedEditorAssemblies (0ms)
				RefreshPlugins (0ms)
				BeforeProcessingInitializeOnLoad (60ms)
				ProcessInitializeOnLoadAttributes (196ms)
				ProcessInitializeOnLoadMethodAttributes (2ms)
				AfterProcessingInitializeOnLoad (5ms)
				EditorAssembliesLoaded (0ms)
			ExecutionOrderSort2 (0ms)
			AwakeInstancesAfterBackupRestoration (5ms)
Platform modules already initialized, skipping
Refreshing native plugins compatible for Editor in 0.26 ms, found 2 plugins.
Preloading 0 native plugins for Editor in 0.00 ms.
Unloading 1397 Unused Serialized files (Serialized files now loaded: 0)
System memory in use before: 69.1 MB.
System memory in use after: 69.2 MB.

Unloading 13 unused Assets to reduce memory usage. Loaded Objects now: 1867.
Total: 2.342700 ms (FindLiveObjects: 0.126400 ms CreateObjectMapping: 0.036700 ms MarkObjects: 2.165300 ms  DeleteObjects: 0.013800 ms)

AssetImportParameters requested are different than current active one (requested -> active):
  custom:framework-win-MediaFoundation: 216162199b28c13a410421893ffa2e32 -> 
  custom:video-decoder-ogg-theora: a1e56fd34408186e4bbccfd4996cb3dc -> 
  custom:container-muxer-webm: aa71ff27fc2769a1b78a27578f13a17b -> 
  custom:container-demuxer-webm: 4f35f7cbe854078d1ac9338744f61a02 -> 
  custom:container-demuxer-ogg: 62fdf1f143b41e24485cea50d1cbac27 -> 
  custom:video-encoder-webm-vp8: eb34c28f22e8b96e1ab97ce403110664 -> 
  custom:video-decoder-webm-vp8: 9c59270c3fd7afecdb556c50c9e8de78 -> 
  custom:audio-decoder-ogg-vorbis: bf7c407c2cedff20999df2af8eb42d56 -> 
  custom:audio-encoder-webm-vorbis: bf7c407c2cedff20999df2af8eb42d56 -> 
========================================================================
Received Import Request.
  Time since last request: 117.594155 seconds.
  path: Assets/Scenes/Dmitri.unity
  artifactKey: Guid(b1669df97ec19b1409354c272890093f) Importer(815301076,1909f56bfc062723c751e8b465ee728b)
Start importing Assets/Scenes/Dmitri.unity using Guid(b1669df97ec19b1409354c272890093f) Importer(815301076,1909f56bfc062723c751e8b465ee728b)  -> (artifact id: 'ab48f5e93d65f0fe4299c653cef62c95') in 0.014347 seconds 
  Import took 0.016716 seconds .

========================================================================
Received Import Request.
  Time since last request: 16.750653 seconds.
  path: Assets/Scenes/Naikoun.unity
  artifactKey: Guid(958346df4b7f1d44999b43d1473e88e5) Importer(815301076,1909f56bfc062723c751e8b465ee728b)
Start importing Assets/Scenes/Naikoun.unity using Guid(958346df4b7f1d44999b43d1473e88e5) Importer(815301076,1909f56bfc062723c751e8b465ee728b)  -> (artifact id: '71deb38194ad40c2c067bbc970be43c1') in 0.007007 seconds 
  Import took 0.009733 seconds .

========================================================================
Received Prepare
Registering precompiled user dll's ...
Registered in 0.002691 seconds.
Begin MonoManager ReloadAssembly
Native extension for WindowsStandalone target not found
Native extension for WebGL target not found
Refreshing native plugins compatible for Editor in 0.26 ms, found 2 plugins.
Preloading 0 native plugins for Editor in 0.00 ms.
Mono: successfully reloaded assembly
- Completed reload, in  0.767 seconds
Domain Reload Profiling:
	ReloadAssembly (767ms)
		BeginReloadAssembly (85ms)
			ExecutionOrderSort (0ms)
			DisableScriptedObjects (3ms)
			BackupInstance (0ms)
			ReleaseScriptingObjects (0ms)
			CreateAndSetChildDomain (23ms)
		EndReloadAssembly (635ms)
			LoadAssemblies (65ms)
			RebuildTransferFunctionScriptingTraits (0ms)
			SetupTypeCache (195ms)
			ReleaseScriptCaches (1ms)
			RebuildScriptCaches (28ms)
			SetupLoadedEditorAssemblies (276ms)
				LogAssemblyErrors (0ms)
				InitializePlatformSupportModulesInManaged (4ms)
				SetLoadedEditorAssemblies (0ms)
				RefreshPlugins (0ms)
				BeforeProcessingInitializeOnLoad (59ms)
				ProcessInitializeOnLoadAttributes (204ms)
				ProcessInitializeOnLoadMethodAttributes (3ms)
				AfterProcessingInitializeOnLoad (5ms)
				EditorAssembliesLoaded (0ms)
			ExecutionOrderSort2 (0ms)
			AwakeInstancesAfterBackupRestoration (5ms)
Platform modules already initialized, skipping
Refreshing native plugins compatible for Editor in 0.26 ms, found 2 plugins.
Preloading 0 native plugins for Editor in 0.00 ms.
Unloading 1397 Unused Serialized files (Serialized files now loaded: 0)
System memory in use before: 69.1 MB.
System memory in use after: 69.2 MB.

Unloading 13 unused Assets to reduce memory usage. Loaded Objects now: 1870.
Total: 1.834200 ms (FindLiveObjects: 0.107200 ms CreateObjectMapping: 0.033700 ms MarkObjects: 1.681200 ms  DeleteObjects: 0.011500 ms)

AssetImportParameters requested are different than current active one (requested -> active):
  custom:framework-win-MediaFoundation: 216162199b28c13a410421893ffa2e32 -> 
  custom:video-decoder-ogg-theora: a1e56fd34408186e4bbccfd4996cb3dc -> 
  custom:container-muxer-webm: aa71ff27fc2769a1b78a27578f13a17b -> 
  custom:container-demuxer-webm: 4f35f7cbe854078d1ac9338744f61a02 -> 
  custom:container-demuxer-ogg: 62fdf1f143b41e24485cea50d1cbac27 -> 
  custom:video-encoder-webm-vp8: eb34c28f22e8b96e1ab97ce403110664 -> 
  custom:video-decoder-webm-vp8: 9c59270c3fd7afecdb556c50c9e8de78 -> 
  custom:audio-decoder-ogg-vorbis: bf7c407c2cedff20999df2af8eb42d56 -> 
  custom:audio-encoder-webm-vorbis: bf7c407c2cedff20999df2af8eb42d56 -> 
========================================================================
Received Prepare
Registering precompiled user dll's ...
Registered in 0.003039 seconds.
Begin MonoManager ReloadAssembly
Native extension for WindowsStandalone target not found
Native extension for WebGL target not found
Refreshing native plugins compatible for Editor in 0.28 ms, found 2 plugins.
Preloading 0 native plugins for Editor in 0.00 ms.
Mono: successfully reloaded assembly
- Completed reload, in  0.819 seconds
Domain Reload Profiling:
	ReloadAssembly (820ms)
		BeginReloadAssembly (100ms)
			ExecutionOrderSort (0ms)
			DisableScriptedObjects (3ms)
			BackupInstance (0ms)
			ReleaseScriptingObjects (0ms)
			CreateAndSetChildDomain (25ms)
		EndReloadAssembly (669ms)
			LoadAssemblies (70ms)
			RebuildTransferFunctionScriptingTraits (0ms)
			SetupTypeCache (216ms)
			ReleaseScriptCaches (1ms)
			RebuildScriptCaches (30ms)
			SetupLoadedEditorAssemblies (281ms)
				LogAssemblyErrors (0ms)
				InitializePlatformSupportModulesInManaged (5ms)
				SetLoadedEditorAssemblies (0ms)
				RefreshPlugins (0ms)
				BeforeProcessingInitializeOnLoad (64ms)
				ProcessInitializeOnLoadAttributes (205ms)
				ProcessInitializeOnLoadMethodAttributes (3ms)
				AfterProcessingInitializeOnLoad (5ms)
				EditorAssembliesLoaded (0ms)
			ExecutionOrderSort2 (0ms)
			AwakeInstancesAfterBackupRestoration (5ms)
Platform modules already initialized, skipping
Refreshing native plugins compatible for Editor in 0.25 ms, found 2 plugins.
Preloading 0 native plugins for Editor in 0.00 ms.
Unloading 1397 Unused Serialized files (Serialized files now loaded: 0)
System memory in use before: 69.1 MB.
System memory in use after: 69.2 MB.

Unloading 13 unused Assets to reduce memory usage. Loaded Objects now: 1873.
Total: 2.004800 ms (FindLiveObjects: 0.123200 ms CreateObjectMapping: 0.031700 ms MarkObjects: 1.838000 ms  DeleteObjects: 0.011100 ms)

AssetImportParameters requested are different than current active one (requested -> active):
  custom:framework-win-MediaFoundation: 216162199b28c13a410421893ffa2e32 -> 
  custom:video-decoder-ogg-theora: a1e56fd34408186e4bbccfd4996cb3dc -> 
  custom:container-muxer-webm: aa71ff27fc2769a1b78a27578f13a17b -> 
  custom:container-demuxer-webm: 4f35f7cbe854078d1ac9338744f61a02 -> 
  custom:container-demuxer-ogg: 62fdf1f143b41e24485cea50d1cbac27 -> 
  custom:video-encoder-webm-vp8: eb34c28f22e8b96e1ab97ce403110664 -> 
  custom:video-decoder-webm-vp8: 9c59270c3fd7afecdb556c50c9e8de78 -> 
  custom:audio-decoder-ogg-vorbis: bf7c407c2cedff20999df2af8eb42d56 -> 
  custom:audio-encoder-webm-vorbis: bf7c407c2cedff20999df2af8eb42d56 -> 
AssetImportWorkerClient::OnTransportError - code=2 error=End of file
