Using pre-set license
Built from '2020.3/release' branch; Version is '2020.3.15f2 (6cf78cb77498) revision 7141260'; Using compiler version '192528614'; Build Type 'Release'
OS: 'Windows 10 Enterprise; OS build 19043.1151; Version 2009; 64bit' Language: 'en' Physical Memory: 16217 MB
BatchMode: 1, IsHumanControllingUs: 0, StartBugReporterOnCrash: 0, Is64bit: 1, IsPro: 0

 COMMAND LINE ARGUMENTS:
C:\Program Files\Unity\Hub\Editor\2020.3.15f2\Editor\Unity.exe
-adb2
-batchMode
-noUpm
-name
AssetImportWorker0
-projectPath
C:/Users/niko.viitio/Desktop/ArtHeist
-logFile
Logs/AssetImportWorker0.log
-srvPort
50265
Successfully changed project path to: C:/Users/niko.viitio/Desktop/ArtHeist
C:/Users/niko.viitio/Desktop/ArtHeist
Using Asset Import Pipeline V2.
Refreshing native plugins compatible for Editor in 22.48 ms, found 2 plugins.
Preloading 0 native plugins for Editor in 0.00 ms.
Initialize engine version: 2020.3.15f2 (6cf78cb77498)
[Subsystems] Discovering subsystems at path C:/Program Files/Unity/Hub/Editor/2020.3.15f2/Editor/Data/Resources/UnitySubsystems
[Subsystems] Discovering subsystems at path C:/Users/niko.viitio/Desktop/ArtHeist/Assets
GfxDevice: creating device client; threaded=0
Direct3D:
    Version:  Direct3D 11.0 [level 11.1]
    Renderer: NVIDIA GeForce RTX 2080 (ID=0x1e82)
    Vendor:   
    VRAM:     8010 MB
    Driver:   27.21.14.6684
Initialize mono
Mono path[0] = 'C:/Program Files/Unity/Hub/Editor/2020.3.15f2/Editor/Data/Managed'
Mono path[1] = 'C:/Program Files/Unity/Hub/Editor/2020.3.15f2/Editor/Data/MonoBleedingEdge/lib/mono/unityjit'
Mono config path = 'C:/Program Files/Unity/Hub/Editor/2020.3.15f2/Editor/Data/MonoBleedingEdge/etc'
Using monoOptions --debugger-agent=transport=dt_socket,embedding=1,server=y,suspend=n,address=127.0.0.1:56020
Begin MonoManager ReloadAssembly
Registering precompiled unity dll's ...
Register platform support module: C:/Program Files/Unity/Hub/Editor/2020.3.15f2/Editor/Data/PlaybackEngines/WebGLSupport/UnityEditor.WebGL.Extensions.dll
Register platform support module: C:/Program Files/Unity/Hub/Editor/2020.3.15f2/Editor/Data/PlaybackEngines/WindowsStandaloneSupport/UnityEditor.WindowsStandalone.Extensions.dll
Registered in 0.001631 seconds.
Native extension for WindowsStandalone target not found
Native extension for WebGL target not found
Refreshing native plugins compatible for Editor in 21.60 ms, found 2 plugins.
Preloading 0 native plugins for Editor in 0.00 ms.
Mono: successfully reloaded assembly
- Completed reload, in  1.423 seconds
Domain Reload Profiling:
	ReloadAssembly (1423ms)
		BeginReloadAssembly (44ms)
			ExecutionOrderSort (0ms)
			DisableScriptedObjects (0ms)
			BackupInstance (0ms)
			ReleaseScriptingObjects (0ms)
			CreateAndSetChildDomain (1ms)
		EndReloadAssembly (307ms)
			LoadAssemblies (42ms)
			RebuildTransferFunctionScriptingTraits (0ms)
			SetupTypeCache (113ms)
			ReleaseScriptCaches (0ms)
			RebuildScriptCaches (24ms)
			SetupLoadedEditorAssemblies (117ms)
				LogAssemblyErrors (0ms)
				InitializePlatformSupportModulesInManaged (4ms)
				SetLoadedEditorAssemblies (0ms)
				RefreshPlugins (22ms)
				BeforeProcessingInitializeOnLoad (10ms)
				ProcessInitializeOnLoadAttributes (61ms)
				ProcessInitializeOnLoadMethodAttributes (20ms)
				AfterProcessingInitializeOnLoad (0ms)
				EditorAssembliesLoaded (0ms)
			ExecutionOrderSort2 (0ms)
			AwakeInstancesAfterBackupRestoration (0ms)
Platform modules already initialized, skipping
Registering precompiled user dll's ...
Registered in 0.002625 seconds.
Begin MonoManager ReloadAssembly
Native extension for WindowsStandalone target not found
Native extension for WebGL target not found
Refreshing native plugins compatible for Editor in 0.27 ms, found 2 plugins.
Preloading 0 native plugins for Editor in 0.00 ms.
Mono: successfully reloaded assembly
- Completed reload, in  0.863 seconds
Domain Reload Profiling:
	ReloadAssembly (863ms)
		BeginReloadAssembly (119ms)
			ExecutionOrderSort (0ms)
			DisableScriptedObjects (4ms)
			BackupInstance (0ms)
			ReleaseScriptingObjects (0ms)
			CreateAndSetChildDomain (14ms)
		EndReloadAssembly (696ms)
			LoadAssemblies (66ms)
			RebuildTransferFunctionScriptingTraits (0ms)
			SetupTypeCache (207ms)
			ReleaseScriptCaches (0ms)
			RebuildScriptCaches (35ms)
			SetupLoadedEditorAssemblies (309ms)
				LogAssemblyErrors (0ms)
				InitializePlatformSupportModulesInManaged (5ms)
				SetLoadedEditorAssemblies (0ms)
				RefreshPlugins (0ms)
				BeforeProcessingInitializeOnLoad (69ms)
				ProcessInitializeOnLoadAttributes (227ms)
				ProcessInitializeOnLoadMethodAttributes (3ms)
				AfterProcessingInitializeOnLoad (5ms)
				EditorAssembliesLoaded (0ms)
			ExecutionOrderSort2 (0ms)
			AwakeInstancesAfterBackupRestoration (5ms)
Platform modules already initialized, skipping
========================================================================
Worker process is ready to serve import requests
Launched and connected shader compiler UnityShaderCompiler.exe after 0.05 seconds
Refreshing native plugins compatible for Editor in 0.26 ms, found 2 plugins.
Preloading 0 native plugins for Editor in 0.00 ms.
Unloading 1416 Unused Serialized files (Serialized files now loaded: 0)
System memory in use before: 67.3 MB.
System memory in use after: 67.3 MB.

Unloading 18 unused Assets to reduce memory usage. Loaded Objects now: 1851.
Total: 2.051000 ms (FindLiveObjects: 0.133300 ms CreateObjectMapping: 0.037700 ms MarkObjects: 1.791400 ms  DeleteObjects: 0.087900 ms)

AssetImportParameters requested are different than current active one (requested -> active):
  custom:framework-win-MediaFoundation: 216162199b28c13a410421893ffa2e32 -> 
  custom:video-decoder-ogg-theora: a1e56fd34408186e4bbccfd4996cb3dc -> 
  custom:container-muxer-webm: aa71ff27fc2769a1b78a27578f13a17b -> 
  custom:container-demuxer-webm: 4f35f7cbe854078d1ac9338744f61a02 -> 
  custom:container-demuxer-ogg: 62fdf1f143b41e24485cea50d1cbac27 -> 
  custom:video-encoder-webm-vp8: eb34c28f22e8b96e1ab97ce403110664 -> 
  custom:video-decoder-webm-vp8: 9c59270c3fd7afecdb556c50c9e8de78 -> 
  custom:audio-decoder-ogg-vorbis: bf7c407c2cedff20999df2af8eb42d56 -> 
  custom:audio-encoder-webm-vorbis: bf7c407c2cedff20999df2af8eb42d56 -> 
========================================================================
Received Import Request.
  path: Assets/Prefabs/Ragdoll.prefab
  artifactKey: Guid(8b40babe4b5989e42b02237b4b74aef7) Importer(815301076,1909f56bfc062723c751e8b465ee728b)
Start importing Assets/Prefabs/Ragdoll.prefab using Guid(8b40babe4b5989e42b02237b4b74aef7) Importer(815301076,1909f56bfc062723c751e8b465ee728b)  -> (artifact id: '4260fe82b5f0fa844199d6a2b1eb5e02') in 0.081514 seconds 
  Import took 0.083511 seconds .

========================================================================
Received Import Request.
  Time since last request: 0.850323 seconds.
  path: Assets/Prefabs/Ragdoll.prefab
  artifactKey: Guid(8b40babe4b5989e42b02237b4b74aef7) Importer(815301076,1909f56bfc062723c751e8b465ee728b)
Start importing Assets/Prefabs/Ragdoll.prefab using Guid(8b40babe4b5989e42b02237b4b74aef7) Importer(815301076,1909f56bfc062723c751e8b465ee728b)  -> (artifact id: '4260fe82b5f0fa844199d6a2b1eb5e02') in 0.011816 seconds 
  Import took 0.014714 seconds .

========================================================================
Received Prepare
Registering precompiled user dll's ...
Registered in 0.003520 seconds.
Begin MonoManager ReloadAssembly
Native extension for WindowsStandalone target not found
Native extension for WebGL target not found
Refreshing native plugins compatible for Editor in 0.26 ms, found 2 plugins.
Preloading 0 native plugins for Editor in 0.00 ms.
Mono: successfully reloaded assembly
- Completed reload, in  0.775 seconds
Domain Reload Profiling:
	ReloadAssembly (775ms)
		BeginReloadAssembly (95ms)
			ExecutionOrderSort (0ms)
			DisableScriptedObjects (3ms)
			BackupInstance (0ms)
			ReleaseScriptingObjects (0ms)
			CreateAndSetChildDomain (25ms)
		EndReloadAssembly (635ms)
			LoadAssemblies (64ms)
			RebuildTransferFunctionScriptingTraits (0ms)
			SetupTypeCache (196ms)
			ReleaseScriptCaches (1ms)
			RebuildScriptCaches (27ms)
			SetupLoadedEditorAssemblies (279ms)
				LogAssemblyErrors (0ms)
				InitializePlatformSupportModulesInManaged (4ms)
				SetLoadedEditorAssemblies (0ms)
				RefreshPlugins (0ms)
				BeforeProcessingInitializeOnLoad (59ms)
				ProcessInitializeOnLoadAttributes (208ms)
				ProcessInitializeOnLoadMethodAttributes (2ms)
				AfterProcessingInitializeOnLoad (5ms)
				EditorAssembliesLoaded (0ms)
			ExecutionOrderSort2 (0ms)
			AwakeInstancesAfterBackupRestoration (5ms)
Platform modules already initialized, skipping
Refreshing native plugins compatible for Editor in 0.24 ms, found 2 plugins.
Preloading 0 native plugins for Editor in 0.00 ms.
Unloading 1397 Unused Serialized files (Serialized files now loaded: 0)
System memory in use before: 82.5 MB.
System memory in use after: 82.6 MB.

Unloading 13 unused Assets to reduce memory usage. Loaded Objects now: 1862.
Total: 1.958400 ms (FindLiveObjects: 0.124800 ms CreateObjectMapping: 0.031500 ms MarkObjects: 1.790300 ms  DeleteObjects: 0.011100 ms)

AssetImportParameters requested are different than current active one (requested -> active):
  custom:framework-win-MediaFoundation: 216162199b28c13a410421893ffa2e32 -> 
  custom:video-decoder-ogg-theora: a1e56fd34408186e4bbccfd4996cb3dc -> 
  custom:container-muxer-webm: aa71ff27fc2769a1b78a27578f13a17b -> 
  custom:container-demuxer-webm: 4f35f7cbe854078d1ac9338744f61a02 -> 
  custom:container-demuxer-ogg: 62fdf1f143b41e24485cea50d1cbac27 -> 
  custom:video-encoder-webm-vp8: eb34c28f22e8b96e1ab97ce403110664 -> 
  custom:video-decoder-webm-vp8: 9c59270c3fd7afecdb556c50c9e8de78 -> 
  custom:audio-decoder-ogg-vorbis: bf7c407c2cedff20999df2af8eb42d56 -> 
  custom:audio-encoder-webm-vorbis: bf7c407c2cedff20999df2af8eb42d56 -> 
========================================================================
Received Import Request.
  Time since last request: 42.984342 seconds.
  path: Assets/Models/Guard/Limbs.physicMaterial
  artifactKey: Guid(f0b67ce4d607cf842942a878b2b123f0) Importer(815301076,1909f56bfc062723c751e8b465ee728b)
Start importing Assets/Models/Guard/Limbs.physicMaterial using Guid(f0b67ce4d607cf842942a878b2b123f0) Importer(815301076,1909f56bfc062723c751e8b465ee728b)  -> (artifact id: '94651f22766d98ca9622ffc16e675b8f') in 0.012788 seconds 
  Import took 0.014753 seconds .

========================================================================
Received Import Request.
  Time since last request: 16.727187 seconds.
  path: Assets/Models/Guard/Limbs.physicMaterial
  artifactKey: Guid(f0b67ce4d607cf842942a878b2b123f0) Importer(815301076,1909f56bfc062723c751e8b465ee728b)
Start importing Assets/Models/Guard/Limbs.physicMaterial using Guid(f0b67ce4d607cf842942a878b2b123f0) Importer(815301076,1909f56bfc062723c751e8b465ee728b)  -> (artifact id: '4d7a7f4bbeb8aff4f12342e075137291') in 0.002407 seconds 
  Import took 0.004436 seconds .

========================================================================
Received Import Request.
  Time since last request: 6.348771 seconds.
  path: Assets/Prefabs/Ragdoll.prefab
  artifactKey: Guid(8b40babe4b5989e42b02237b4b74aef7) Importer(815301076,1909f56bfc062723c751e8b465ee728b)
Start importing Assets/Prefabs/Ragdoll.prefab using Guid(8b40babe4b5989e42b02237b4b74aef7) Importer(815301076,1909f56bfc062723c751e8b465ee728b)  -> (artifact id: '6c7a480277db68571d1d20b7fcf6bcb2') in 0.034223 seconds 
  Import took 0.036350 seconds .

========================================================================
Received Import Request.
  Time since last request: 5.498334 seconds.
  path: Assets/Prefabs/Ragdoll.prefab
  artifactKey: Guid(8b40babe4b5989e42b02237b4b74aef7) Importer(815301076,1909f56bfc062723c751e8b465ee728b)
Start importing Assets/Prefabs/Ragdoll.prefab using Guid(8b40babe4b5989e42b02237b4b74aef7) Importer(815301076,1909f56bfc062723c751e8b465ee728b)  -> (artifact id: '7415bd78ea90b7ee7c4e4f3f737b17a2') in 0.007967 seconds 
  Import took 0.010228 seconds .

========================================================================
Received Import Request.
  Time since last request: 3.501445 seconds.
  path: Assets/Prefabs/Ragdoll.prefab
  artifactKey: Guid(8b40babe4b5989e42b02237b4b74aef7) Importer(815301076,1909f56bfc062723c751e8b465ee728b)
Start importing Assets/Prefabs/Ragdoll.prefab using Guid(8b40babe4b5989e42b02237b4b74aef7) Importer(815301076,1909f56bfc062723c751e8b465ee728b)  -> (artifact id: 'd5132685815d1fbc014c3ad42071fcc2') in 0.008920 seconds 
  Import took 0.011020 seconds .

========================================================================
Received Import Request.
  Time since last request: 2.890107 seconds.
  path: Assets/Prefabs/Ragdoll.prefab
  artifactKey: Guid(8b40babe4b5989e42b02237b4b74aef7) Importer(815301076,1909f56bfc062723c751e8b465ee728b)
Start importing Assets/Prefabs/Ragdoll.prefab using Guid(8b40babe4b5989e42b02237b4b74aef7) Importer(815301076,1909f56bfc062723c751e8b465ee728b)  -> (artifact id: '65728c86ab4fb6dbff4c8a8352c5ba51') in 0.008701 seconds 
  Import took 0.010789 seconds .

========================================================================
Received Import Request.
  Time since last request: 3.072405 seconds.
  path: Assets/Prefabs/Ragdoll.prefab
  artifactKey: Guid(8b40babe4b5989e42b02237b4b74aef7) Importer(815301076,1909f56bfc062723c751e8b465ee728b)
Start importing Assets/Prefabs/Ragdoll.prefab using Guid(8b40babe4b5989e42b02237b4b74aef7) Importer(815301076,1909f56bfc062723c751e8b465ee728b)  -> (artifact id: '780c79862eec57d2b894ed670a8759e7') in 0.009317 seconds 
  Import took 0.011937 seconds .

========================================================================
Received Import Request.
  Time since last request: 4.888854 seconds.
  path: Assets/Prefabs/Ragdoll.prefab
  artifactKey: Guid(8b40babe4b5989e42b02237b4b74aef7) Importer(815301076,1909f56bfc062723c751e8b465ee728b)
Start importing Assets/Prefabs/Ragdoll.prefab using Guid(8b40babe4b5989e42b02237b4b74aef7) Importer(815301076,1909f56bfc062723c751e8b465ee728b)  -> (artifact id: '4c7f0022d1f202cfdb9e49d011707637') in 0.008975 seconds 
  Import took 0.011140 seconds .

========================================================================
Received Import Request.
  Time since last request: 4.859251 seconds.
  path: Assets/Prefabs/Ragdoll.prefab
  artifactKey: Guid(8b40babe4b5989e42b02237b4b74aef7) Importer(815301076,1909f56bfc062723c751e8b465ee728b)
Start importing Assets/Prefabs/Ragdoll.prefab using Guid(8b40babe4b5989e42b02237b4b74aef7) Importer(815301076,1909f56bfc062723c751e8b465ee728b)  -> (artifact id: '7d09e264a3fd48286d89b82d2df35238') in 0.008183 seconds 
  Import took 0.010373 seconds .

========================================================================
Received Import Request.
  Time since last request: 3.247226 seconds.
  path: Assets/Prefabs/Ragdoll.prefab
  artifactKey: Guid(8b40babe4b5989e42b02237b4b74aef7) Importer(815301076,1909f56bfc062723c751e8b465ee728b)
Start importing Assets/Prefabs/Ragdoll.prefab using Guid(8b40babe4b5989e42b02237b4b74aef7) Importer(815301076,1909f56bfc062723c751e8b465ee728b)  -> (artifact id: '9a64f906113dc563e4a9d7ef16cc7be9') in 0.009916 seconds 
  Import took 0.012306 seconds .

========================================================================
Received Import Request.
  Time since last request: 3.248318 seconds.
  path: Assets/Prefabs/Ragdoll.prefab
  artifactKey: Guid(8b40babe4b5989e42b02237b4b74aef7) Importer(815301076,1909f56bfc062723c751e8b465ee728b)
Start importing Assets/Prefabs/Ragdoll.prefab using Guid(8b40babe4b5989e42b02237b4b74aef7) Importer(815301076,1909f56bfc062723c751e8b465ee728b)  -> (artifact id: '6afc415201bda0d9dc30026b31ad48b0') in 0.008075 seconds 
  Import took 0.010183 seconds .

========================================================================
Received Import Request.
  Time since last request: 3.266315 seconds.
  path: Assets/Prefabs/Ragdoll.prefab
  artifactKey: Guid(8b40babe4b5989e42b02237b4b74aef7) Importer(815301076,1909f56bfc062723c751e8b465ee728b)
Start importing Assets/Prefabs/Ragdoll.prefab using Guid(8b40babe4b5989e42b02237b4b74aef7) Importer(815301076,1909f56bfc062723c751e8b465ee728b)  -> (artifact id: '9e6a4094ff412091352e800fa19243e2') in 0.008134 seconds 
  Import took 0.010348 seconds .

========================================================================
Received Import Request.
  Time since last request: 3.310630 seconds.
  path: Assets/Prefabs/Ragdoll.prefab
  artifactKey: Guid(8b40babe4b5989e42b02237b4b74aef7) Importer(815301076,1909f56bfc062723c751e8b465ee728b)
Start importing Assets/Prefabs/Ragdoll.prefab using Guid(8b40babe4b5989e42b02237b4b74aef7) Importer(815301076,1909f56bfc062723c751e8b465ee728b)  -> (artifact id: '760a838d5eb8dc880ce81ee5fa4c0fd1') in 0.007823 seconds 
  Import took 0.010063 seconds .

========================================================================
Received Prepare
Registering precompiled user dll's ...
Registered in 0.002790 seconds.
Begin MonoManager ReloadAssembly
Native extension for WindowsStandalone target not found
Native extension for WebGL target not found
Refreshing native plugins compatible for Editor in 0.27 ms, found 2 plugins.
Preloading 0 native plugins for Editor in 0.00 ms.
Mono: successfully reloaded assembly
- Completed reload, in  0.779 seconds
Domain Reload Profiling:
	ReloadAssembly (779ms)
		BeginReloadAssembly (93ms)
			ExecutionOrderSort (0ms)
			DisableScriptedObjects (3ms)
			BackupInstance (0ms)
			ReleaseScriptingObjects (0ms)
			CreateAndSetChildDomain (25ms)
		EndReloadAssembly (640ms)
			LoadAssemblies (67ms)
			RebuildTransferFunctionScriptingTraits (0ms)
			SetupTypeCache (196ms)
			ReleaseScriptCaches (1ms)
			RebuildScriptCaches (28ms)
			SetupLoadedEditorAssemblies (279ms)
				LogAssemblyErrors (0ms)
				InitializePlatformSupportModulesInManaged (5ms)
				SetLoadedEditorAssemblies (0ms)
				RefreshPlugins (0ms)
				BeforeProcessingInitializeOnLoad (61ms)
				ProcessInitializeOnLoadAttributes (206ms)
				ProcessInitializeOnLoadMethodAttributes (3ms)
				AfterProcessingInitializeOnLoad (4ms)
				EditorAssembliesLoaded (0ms)
			ExecutionOrderSort2 (0ms)
			AwakeInstancesAfterBackupRestoration (5ms)
Platform modules already initialized, skipping
Refreshing native plugins compatible for Editor in 0.25 ms, found 2 plugins.
Preloading 0 native plugins for Editor in 0.00 ms.
Unloading 1397 Unused Serialized files (Serialized files now loaded: 0)
System memory in use before: 82.6 MB.
System memory in use after: 82.7 MB.

Unloading 13 unused Assets to reduce memory usage. Loaded Objects now: 1866.
Total: 2.263000 ms (FindLiveObjects: 0.124000 ms CreateObjectMapping: 0.031300 ms MarkObjects: 2.095700 ms  DeleteObjects: 0.011400 ms)

AssetImportParameters requested are different than current active one (requested -> active):
  custom:framework-win-MediaFoundation: 216162199b28c13a410421893ffa2e32 -> 
  custom:video-decoder-ogg-theora: a1e56fd34408186e4bbccfd4996cb3dc -> 
  custom:container-muxer-webm: aa71ff27fc2769a1b78a27578f13a17b -> 
  custom:container-demuxer-webm: 4f35f7cbe854078d1ac9338744f61a02 -> 
  custom:container-demuxer-ogg: 62fdf1f143b41e24485cea50d1cbac27 -> 
  custom:video-encoder-webm-vp8: eb34c28f22e8b96e1ab97ce403110664 -> 
  custom:video-decoder-webm-vp8: 9c59270c3fd7afecdb556c50c9e8de78 -> 
  custom:audio-decoder-ogg-vorbis: bf7c407c2cedff20999df2af8eb42d56 -> 
  custom:audio-encoder-webm-vorbis: bf7c407c2cedff20999df2af8eb42d56 -> 
AssetImportWorkerClient::OnTransportError - code=2 error=End of file
